[Info  - 3:04:20 PM] 16 files total
[Info  - 3:04:20 PM] Indexing project for definitions and static references
Parsing file:///var/www/html/Functional/harmonicno.php
Parsing file:///var/www/html/Functional/utility.php
Parsing file:///var/www/html/Functional/primefact.php
Parsing file:///var/www/html/Functional/euclideandist.php
Parsing file:///var/www/html/Functional/poweroftwo.php
Parsing file:///var/www/html/Functional/test.php
Parsing file:///var/www/html/Functional/2darray.php
Parsing file:///var/www/html/Functional/timelapsed.php
Parsing file:///var/www/html/Functional/coupon.php
Parsing file:///var/www/html/Functional/staticfunction.php
Parsing file:///var/www/html/Functional/distincttriplet.php
Parsing file:///var/www/html/Functional/leapyear.php
Parsing file:///var/www/html/Functional/quadratic.php
Parsing file:///var/www/html/Functional/gambler.php
Parsing file:///var/www/html/Functional/coinflip.php
[Info  - 3:04:20 PM] Indexing project for dynamic references
Parsing file:///var/www/html/Functional/harmonicno.php
Parsing file:///var/www/html/Functional/utility.php
Parsing file:///var/www/html/Functional/primefact.php
Parsing file:///var/www/html/Functional/euclideandist.php
Parsing file:///var/www/html/Functional/poweroftwo.php
Parsing file:///var/www/html/Functional/test.php
Parsing file:///var/www/html/Functional/2darray.php
Parsing file:///var/www/html/Functional/timelapsed.php
Parsing file:///var/www/html/Functional/coupon.php
Parsing file:///var/www/html/Functional/staticfunction.php
Parsing file:///var/www/html/Functional/distincttriplet.php
Parsing file:///var/www/html/Functional/leapyear.php
Parsing file:///var/www/html/Functional/quadratic.php
Parsing file:///var/www/html/Functional/gambler.php
Parsing file:///var/www/html/Functional/coinflip.php
[Info  - 3:04:21 PM] 0 Packages
[Info  - 3:04:21 PM] All 16 PHP files parsed in 0 seconds. 140 MiB allocated.
