[2018-09-04 11:25:30.494] [sharedprocess] [info] main {"machineId":"a59b397e4339d33f6882b9064d175718141573333ea0ff14e7d55e71e0d3348e"}
[2018-09-04 11:25:30.524] [sharedprocess] [info] Scanned user extensions: 2
[2018-09-04 11:25:30.543] [sharedprocess] [info] Scanned user extensions: 2
[2018-09-04 11:25:30.547] [sharedprocess] [info] Scanned user extensions: 2
[2018-09-04 11:25:30.586] [sharedprocess] [info] Scanned system extensions: 71
[2018-09-04 11:25:30.588] [sharedprocess] [info] Scanned system extensions: 71
[2018-09-04 11:25:31.284] [sharedprocess] [info] Scanned user extensions: 2
[2018-09-04 11:25:31.286] [sharedprocess] [info] Scanned user extensions: 2
[2018-09-04 11:26:10.497] [sharedprocess] [info] Starting to clean up unused language packs.
[2018-09-04 11:30:31.308] [sharedprocess] [info] Scanned user extensions: 2
[2018-09-04 11:35:31.321] [sharedprocess] [info] Scanned user extensions: 2
[2018-09-04 11:40:31.333] [sharedprocess] [info] Scanned user extensions: 2
[2018-09-04 11:42:53.239] [sharedprocess] [info] Scanned user extensions: 2
[2018-09-04 11:42:53.242] [sharedprocess] [info] Scanned user extensions: 2
[2018-09-04 11:42:53.244] [sharedprocess] [info] Scanned user extensions: 2
[2018-09-04 11:42:53.260] [sharedprocess] [info] Scanned user extensions: 2
[2018-09-04 11:42:53.321] [sharedprocess] [info] Scanned system extensions: 71
[2018-09-04 11:42:53.324] [sharedprocess] [info] Scanned system extensions: 71
[2018-09-04 11:42:53.330] [sharedprocess] [info] Scanned system extensions: 71
[2018-09-04 11:45:31.347] [sharedprocess] [info] Scanned user extensions: 2
[2018-09-04 11:50:31.360] [sharedprocess] [info] Scanned user extensions: 2
[2018-09-04 11:55:31.374] [sharedprocess] [info] Scanned user extensions: 2
[2018-09-04 12:00:31.387] [sharedprocess] [info] Scanned user extensions: 2
[2018-09-04 12:03:09.027] [sharedprocess] [info] Scanned user extensions: 2
[2018-09-04 12:03:09.028] [sharedprocess] [info] Uninstalling extension: felixfbecker.php-debug-1.12.5
[2018-09-04 12:03:09.032] [sharedprocess] [info] Scanned user extensions: 2
[2018-09-04 12:03:09.114] [sharedprocess] [info] Successfully uninstalled extension: felixfbecker.php-debug-1.12.5
[2018-09-04 12:03:10.195] [sharedprocess] [info] Scanned system extensions: 71
[2018-09-04 12:03:10.206] [sharedprocess] [info] Scanned user extensions: 1
[2018-09-04 12:03:12.997] [sharedprocess] [info] Installing extension: php-debug
[2018-09-04 12:03:13.039] [sharedprocess] [info] Scanned user extensions: 1
[2018-09-04 12:03:14.585] [sharedprocess] [info] Downloaded extension: php-debug /tmp/ec39a58f-044e-4a63-bbd0-3d1c272d38ff
[2018-09-04 12:03:14.632] [sharedprocess] [info] Removed the extension from uninstalled list: felixfbecker.php-debug-1.12.5
[2018-09-04 12:03:14.635] [sharedprocess] [info] Scanned user extensions: 2
[2018-09-04 12:03:14.635] [sharedprocess] [info] Extensions installed successfully: felixfbecker.php-debug
[2018-09-04 12:03:14.754] [sharedprocess] [info] Scanned user extensions: 2
[2018-09-04 12:03:14.780] [sharedprocess] [info] Scanned system extensions: 71
[2018-09-04 12:05:31.398] [sharedprocess] [info] Scanned user extensions: 2
